<?xml version="1.0" encoding="UTF-8"?>
<testsuite name="com.welab.k8s_api_gateway.K8sApiGatewayApplicationTests" tests="1" skipped="0" failures="0" errors="0" timestamp="2025-06-16T04:46:00.083Z" hostname="JEEEUN" time="1.012">
  <properties/>
  <testcase name="contextLoads()" classname="com.welab.k8s_api_gateway.K8sApiGatewayApplicationTests" time="1.012"/>
  <system-out><![CDATA[13:45:57.470 [Test worker] INFO org.springframework.test.context.support.AnnotationConfigContextLoaderUtils -- Could not detect default configuration classes for test class [com.welab.k8s_api_gateway.K8sApiGatewayApplicationTests]: K8sApiGatewayApplicationTests does not declare any static, non-private, non-final, nested classes annotated with @Configuration.
13:45:57.575 [Test worker] INFO org.springframework.boot.test.context.SpringBootTestContextBootstrapper -- Found @SpringBootConfiguration com.welab.k8s_api_gateway.K8sApiGatewayApplication for test class com.welab.k8s_api_gateway.K8sApiGatewayApplicationTests

  .   ____          _            __ _ _
 /\\ / ___'_ __ _ _(_)_ __  __ _ \ \ \ \
( ( )\___ | '_ | '_| | '_ \/ _` | \ \ \ \
 \\/  ___)| |_)| | | | | || (_| |  ) ) ) )
  '  |____| .__|_| |_|_| |_\__, | / / / /
 =========|_|==============|___/=/_/_/_/

 :: Spring Boot ::                (v3.5.0)

2025-06-16T13:45:58.423+09:00  INFO 36504 --- [k8s-api-gateway] [    Test worker] c.w.k.K8sApiGatewayApplicationTests      : Starting K8sApiGatewayApplicationTests using Java 17.0.15 with PID 36504 (started by wldms in C:\Workspace0605\k8s\k8s-api-gateway)
2025-06-16T13:45:58.425+09:00  INFO 36504 --- [k8s-api-gateway] [    Test worker] c.w.k.K8sApiGatewayApplicationTests      : No active profile set, falling back to 1 default profile: "default"
2025-06-16T13:45:59.196+09:00  INFO 36504 --- [k8s-api-gateway] [    Test worker] o.s.cloud.context.scope.GenericScope     : BeanFactory id=7edc578a-ee3d-3d24-91aa-b1c6dfaa107a
2025-06-16T13:46:00.068+09:00  INFO 36504 --- [k8s-api-gateway] [    Test worker] c.w.k.K8sApiGatewayApplicationTests      : Started K8sApiGatewayApplicationTests in 2.195 seconds (process running for 3.394)
]]></system-out>
  <system-err><![CDATA[]]></system-err>
</testsuite>
